<?xml version="1.0" encoding="UTF-8"?>
<!-- Generated by org.testng.reporters.JUnitReportReporter -->
<testsuite hostname="DESKTOP-CQ8NNEE" failures="0" tests="2" name="test.VerifyAdminFlow" time="53.788" errors="0" timestamp="2024-06-15T17:06:06 IST" skipped="0">
  <testcase classname="test.VerifyAdminFlow" name="verifyAdminModuleFlow" time="29.239"/>
  <system-out/>
  <testcase classname="test.VerifyAdminFlow" name="verifyAdminModuleFlow" time="24.549"/>
  <system-out/>
</testsuite> <!-- test.VerifyAdminFlow -->
